
*** Running vivado
    with args -log Top.vds -m64 -product Vivado -mode batch -messageDb vivado.pb -notrace -source Top.tcl



****** Vivado v2020.2 (64-bit)
  **** SW Build 3064766 on Wed Nov 18 09:12:45 MST 2020
  **** IP Build 3064653 on Wed Nov 18 14:17:31 MST 2020
    ** Copyright 1986-2020 Xilinx, Inc. All Rights Reserved.

source Top.tcl -notrace
Command: synth_design -top Top -part xc7a35ticpg236-1L
Starting synth_design
Attempting to get a license for feature 'Synthesis' and/or device 'xc7a35ti'
INFO: [Common 17-349] Got license for feature 'Synthesis' and/or device 'xc7a35ti'
INFO: [Device 21-403] Loading part xc7a35ticpg236-1L
INFO: [Synth 8-7079] Multithreading enabled for synth_design using a maximum of 2 processes.
INFO: [Synth 8-7078] Launching helper process for spawning children vivado processes
INFO: [Synth 8-7075] Helper process launched with PID 11100
---------------------------------------------------------------------------------
Starting RTL Elaboration : Time (s): cpu = 00:00:09 ; elapsed = 00:00:10 . Memory (MB): peak = 1015.211 ; gain = 0.000
---------------------------------------------------------------------------------
INFO: [Synth 8-6157] synthesizing module 'Top' [C:/Users/matth/Desktop/GitHub/TeslaMoore/RoverSwitchCase10_5/RoverSwitchCase10_5.srcs/sources_1/new/Top.v:3]
INFO: [Synth 8-6155] done synthesizing module 'Top' (1#1) [C:/Users/matth/Desktop/GitHub/TeslaMoore/RoverSwitchCase10_5/RoverSwitchCase10_5.srcs/sources_1/new/Top.v:3]
---------------------------------------------------------------------------------
Finished RTL Elaboration : Time (s): cpu = 00:00:11 ; elapsed = 00:00:12 . Memory (MB): peak = 1015.211 ; gain = 0.000
---------------------------------------------------------------------------------
---------------------------------------------------------------------------------
Start Handling Custom Attributes
---------------------------------------------------------------------------------
---------------------------------------------------------------------------------
Finished Handling Custom Attributes : Time (s): cpu = 00:00:13 ; elapsed = 00:00:13 . Memory (MB): peak = 1015.211 ; gain = 0.000
---------------------------------------------------------------------------------
---------------------------------------------------------------------------------
Finished RTL Optimization Phase 1 : Time (s): cpu = 00:00:13 ; elapsed = 00:00:13 . Memory (MB): peak = 1015.211 ; gain = 0.000
---------------------------------------------------------------------------------
Netlist sorting complete. Time (s): cpu = 00:00:00 ; elapsed = 00:00:00.006 . Memory (MB): peak = 1015.211 ; gain = 0.000
INFO: [Project 1-570] Preparing netlist for logic optimization

Processing XDC Constraints
Initializing timing engine
Parsing XDC File [C:/Users/matth/Desktop/GitHub/TeslaMoore/RoverSwitchCase10_5/RoverSwitchCase10_5.srcs/constrs_1/new/Constraints.xdc]
WARNING: [Vivado 12-584] No ports matched 'JA[1]'. [C:/Users/matth/Desktop/GitHub/TeslaMoore/RoverSwitchCase10_5/RoverSwitchCase10_5.srcs/constrs_1/new/Constraints.xdc:125]
CRITICAL WARNING: [Common 17-55] 'set_property' expects at least one object. [C:/Users/matth/Desktop/GitHub/TeslaMoore/RoverSwitchCase10_5/RoverSwitchCase10_5.srcs/constrs_1/new/Constraints.xdc:125]
Resolution: If [get_<value>] was used to populate the object, check to make sure this command returns at least one valid object.
WARNING: [Vivado 12-584] No ports matched 'JA[1]'. [C:/Users/matth/Desktop/GitHub/TeslaMoore/RoverSwitchCase10_5/RoverSwitchCase10_5.srcs/constrs_1/new/Constraints.xdc:126]
CRITICAL WARNING: [Common 17-55] 'set_property' expects at least one object. [C:/Users/matth/Desktop/GitHub/TeslaMoore/RoverSwitchCase10_5/RoverSwitchCase10_5.srcs/constrs_1/new/Constraints.xdc:126]
Resolution: If [get_<value>] was used to populate the object, check to make sure this command returns at least one valid object.
WARNING: [Vivado 12-584] No ports matched 'JA[2]'. [C:/Users/matth/Desktop/GitHub/TeslaMoore/RoverSwitchCase10_5/RoverSwitchCase10_5.srcs/constrs_1/new/Constraints.xdc:128]
CRITICAL WARNING: [Common 17-55] 'set_property' expects at least one object. [C:/Users/matth/Desktop/GitHub/TeslaMoore/RoverSwitchCase10_5/RoverSwitchCase10_5.srcs/constrs_1/new/Constraints.xdc:128]
Resolution: If [get_<value>] was used to populate the object, check to make sure this command returns at least one valid object.
WARNING: [Vivado 12-584] No ports matched 'JA[2]'. [C:/Users/matth/Desktop/GitHub/TeslaMoore/RoverSwitchCase10_5/RoverSwitchCase10_5.srcs/constrs_1/new/Constraints.xdc:129]
CRITICAL WARNING: [Common 17-55] 'set_property' expects at least one object. [C:/Users/matth/Desktop/GitHub/TeslaMoore/RoverSwitchCase10_5/RoverSwitchCase10_5.srcs/constrs_1/new/Constraints.xdc:129]
Resolution: If [get_<value>] was used to populate the object, check to make sure this command returns at least one valid object.
WARNING: [Vivado 12-584] No ports matched 'JA[3]'. [C:/Users/matth/Desktop/GitHub/TeslaMoore/RoverSwitchCase10_5/RoverSwitchCase10_5.srcs/constrs_1/new/Constraints.xdc:131]
CRITICAL WARNING: [Common 17-55] 'set_property' expects at least one object. [C:/Users/matth/Desktop/GitHub/TeslaMoore/RoverSwitchCase10_5/RoverSwitchCase10_5.srcs/constrs_1/new/Constraints.xdc:131]
Resolution: If [get_<value>] was used to populate the object, check to make sure this command returns at least one valid object.
WARNING: [Vivado 12-584] No ports matched 'JA[3]'. [C:/Users/matth/Desktop/GitHub/TeslaMoore/RoverSwitchCase10_5/RoverSwitchCase10_5.srcs/constrs_1/new/Constraints.xdc:132]
CRITICAL WARNING: [Common 17-55] 'set_property' expects at least one object. [C:/Users/matth/Desktop/GitHub/TeslaMoore/RoverSwitchCase10_5/RoverSwitchCase10_5.srcs/constrs_1/new/Constraints.xdc:132]
Resolution: If [get_<value>] was used to populate the object, check to make sure this command returns at least one valid object.
WARNING: [Vivado 12-584] No ports matched 'JA[5]'. [C:/Users/matth/Desktop/GitHub/TeslaMoore/RoverSwitchCase10_5/RoverSwitchCase10_5.srcs/constrs_1/new/Constraints.xdc:137]
CRITICAL WARNING: [Common 17-55] 'set_property' expects at least one object. [C:/Users/matth/Desktop/GitHub/TeslaMoore/RoverSwitchCase10_5/RoverSwitchCase10_5.srcs/constrs_1/new/Constraints.xdc:137]
Resolution: If [get_<value>] was used to populate the object, check to make sure this command returns at least one valid object.
WARNING: [Vivado 12-584] No ports matched 'JA[5]'. [C:/Users/matth/Desktop/GitHub/TeslaMoore/RoverSwitchCase10_5/RoverSwitchCase10_5.srcs/constrs_1/new/Constraints.xdc:138]
CRITICAL WARNING: [Common 17-55] 'set_property' expects at least one object. [C:/Users/matth/Desktop/GitHub/TeslaMoore/RoverSwitchCase10_5/RoverSwitchCase10_5.srcs/constrs_1/new/Constraints.xdc:138]
Resolution: If [get_<value>] was used to populate the object, check to make sure this command returns at least one valid object.
WARNING: [Vivado 12-584] No ports matched 'JA[6]'. [C:/Users/matth/Desktop/GitHub/TeslaMoore/RoverSwitchCase10_5/RoverSwitchCase10_5.srcs/constrs_1/new/Constraints.xdc:140]
CRITICAL WARNING: [Common 17-55] 'set_property' expects at least one object. [C:/Users/matth/Desktop/GitHub/TeslaMoore/RoverSwitchCase10_5/RoverSwitchCase10_5.srcs/constrs_1/new/Constraints.xdc:140]
Resolution: If [get_<value>] was used to populate the object, check to make sure this command returns at least one valid object.
WARNING: [Vivado 12-584] No ports matched 'JA[6]'. [C:/Users/matth/Desktop/GitHub/TeslaMoore/RoverSwitchCase10_5/RoverSwitchCase10_5.srcs/constrs_1/new/Constraints.xdc:141]
CRITICAL WARNING: [Common 17-55] 'set_property' expects at least one object. [C:/Users/matth/Desktop/GitHub/TeslaMoore/RoverSwitchCase10_5/RoverSwitchCase10_5.srcs/constrs_1/new/Constraints.xdc:141]
Resolution: If [get_<value>] was used to populate the object, check to make sure this command returns at least one valid object.
WARNING: [Vivado 12-584] No ports matched 'JA[7]'. [C:/Users/matth/Desktop/GitHub/TeslaMoore/RoverSwitchCase10_5/RoverSwitchCase10_5.srcs/constrs_1/new/Constraints.xdc:143]
CRITICAL WARNING: [Common 17-55] 'set_property' expects at least one object. [C:/Users/matth/Desktop/GitHub/TeslaMoore/RoverSwitchCase10_5/RoverSwitchCase10_5.srcs/constrs_1/new/Constraints.xdc:143]
Resolution: If [get_<value>] was used to populate the object, check to make sure this command returns at least one valid object.
WARNING: [Vivado 12-584] No ports matched 'JA[7]'. [C:/Users/matth/Desktop/GitHub/TeslaMoore/RoverSwitchCase10_5/RoverSwitchCase10_5.srcs/constrs_1/new/Constraints.xdc:144]
CRITICAL WARNING: [Common 17-55] 'set_property' expects at least one object. [C:/Users/matth/Desktop/GitHub/TeslaMoore/RoverSwitchCase10_5/RoverSwitchCase10_5.srcs/constrs_1/new/Constraints.xdc:144]
Resolution: If [get_<value>] was used to populate the object, check to make sure this command returns at least one valid object.
WARNING: [Vivado 12-584] No ports matched 'JB[1]'. [C:/Users/matth/Desktop/GitHub/TeslaMoore/RoverSwitchCase10_5/RoverSwitchCase10_5.srcs/constrs_1/new/Constraints.xdc:153]
CRITICAL WARNING: [Common 17-55] 'set_property' expects at least one object. [C:/Users/matth/Desktop/GitHub/TeslaMoore/RoverSwitchCase10_5/RoverSwitchCase10_5.srcs/constrs_1/new/Constraints.xdc:153]
Resolution: If [get_<value>] was used to populate the object, check to make sure this command returns at least one valid object.
WARNING: [Vivado 12-584] No ports matched 'JB[1]'. [C:/Users/matth/Desktop/GitHub/TeslaMoore/RoverSwitchCase10_5/RoverSwitchCase10_5.srcs/constrs_1/new/Constraints.xdc:154]
CRITICAL WARNING: [Common 17-55] 'set_property' expects at least one object. [C:/Users/matth/Desktop/GitHub/TeslaMoore/RoverSwitchCase10_5/RoverSwitchCase10_5.srcs/constrs_1/new/Constraints.xdc:154]
Resolution: If [get_<value>] was used to populate the object, check to make sure this command returns at least one valid object.
WARNING: [Vivado 12-584] No ports matched 'JB[2]'. [C:/Users/matth/Desktop/GitHub/TeslaMoore/RoverSwitchCase10_5/RoverSwitchCase10_5.srcs/constrs_1/new/Constraints.xdc:156]
CRITICAL WARNING: [Common 17-55] 'set_property' expects at least one object. [C:/Users/matth/Desktop/GitHub/TeslaMoore/RoverSwitchCase10_5/RoverSwitchCase10_5.srcs/constrs_1/new/Constraints.xdc:156]
Resolution: If [get_<value>] was used to populate the object, check to make sure this command returns at least one valid object.
WARNING: [Vivado 12-584] No ports matched 'JB[2]'. [C:/Users/matth/Desktop/GitHub/TeslaMoore/RoverSwitchCase10_5/RoverSwitchCase10_5.srcs/constrs_1/new/Constraints.xdc:157]
CRITICAL WARNING: [Common 17-55] 'set_property' expects at least one object. [C:/Users/matth/Desktop/GitHub/TeslaMoore/RoverSwitchCase10_5/RoverSwitchCase10_5.srcs/constrs_1/new/Constraints.xdc:157]
Resolution: If [get_<value>] was used to populate the object, check to make sure this command returns at least one valid object.
WARNING: [Vivado 12-584] No ports matched 'JB[3]'. [C:/Users/matth/Desktop/GitHub/TeslaMoore/RoverSwitchCase10_5/RoverSwitchCase10_5.srcs/constrs_1/new/Constraints.xdc:159]
CRITICAL WARNING: [Common 17-55] 'set_property' expects at least one object. [C:/Users/matth/Desktop/GitHub/TeslaMoore/RoverSwitchCase10_5/RoverSwitchCase10_5.srcs/constrs_1/new/Constraints.xdc:159]
Resolution: If [get_<value>] was used to populate the object, check to make sure this command returns at least one valid object.
WARNING: [Vivado 12-584] No ports matched 'JB[3]'. [C:/Users/matth/Desktop/GitHub/TeslaMoore/RoverSwitchCase10_5/RoverSwitchCase10_5.srcs/constrs_1/new/Constraints.xdc:160]
CRITICAL WARNING: [Common 17-55] 'set_property' expects at least one object. [C:/Users/matth/Desktop/GitHub/TeslaMoore/RoverSwitchCase10_5/RoverSwitchCase10_5.srcs/constrs_1/new/Constraints.xdc:160]
Resolution: If [get_<value>] was used to populate the object, check to make sure this command returns at least one valid object.
WARNING: [Vivado 12-584] No ports matched 'JB[4]'. [C:/Users/matth/Desktop/GitHub/TeslaMoore/RoverSwitchCase10_5/RoverSwitchCase10_5.srcs/constrs_1/new/Constraints.xdc:162]
CRITICAL WARNING: [Common 17-55] 'set_property' expects at least one object. [C:/Users/matth/Desktop/GitHub/TeslaMoore/RoverSwitchCase10_5/RoverSwitchCase10_5.srcs/constrs_1/new/Constraints.xdc:162]
Resolution: If [get_<value>] was used to populate the object, check to make sure this command returns at least one valid object.
WARNING: [Vivado 12-584] No ports matched 'JB[4]'. [C:/Users/matth/Desktop/GitHub/TeslaMoore/RoverSwitchCase10_5/RoverSwitchCase10_5.srcs/constrs_1/new/Constraints.xdc:163]
CRITICAL WARNING: [Common 17-55] 'set_property' expects at least one object. [C:/Users/matth/Desktop/GitHub/TeslaMoore/RoverSwitchCase10_5/RoverSwitchCase10_5.srcs/constrs_1/new/Constraints.xdc:163]
Resolution: If [get_<value>] was used to populate the object, check to make sure this command returns at least one valid object.
WARNING: [Vivado 12-584] No ports matched 'JB[5]'. [C:/Users/matth/Desktop/GitHub/TeslaMoore/RoverSwitchCase10_5/RoverSwitchCase10_5.srcs/constrs_1/new/Constraints.xdc:165]
CRITICAL WARNING: [Common 17-55] 'set_property' expects at least one object. [C:/Users/matth/Desktop/GitHub/TeslaMoore/RoverSwitchCase10_5/RoverSwitchCase10_5.srcs/constrs_1/new/Constraints.xdc:165]
Resolution: If [get_<value>] was used to populate the object, check to make sure this command returns at least one valid object.
WARNING: [Vivado 12-584] No ports matched 'JB[5]'. [C:/Users/matth/Desktop/GitHub/TeslaMoore/RoverSwitchCase10_5/RoverSwitchCase10_5.srcs/constrs_1/new/Constraints.xdc:166]
CRITICAL WARNING: [Common 17-55] 'set_property' expects at least one object. [C:/Users/matth/Desktop/GitHub/TeslaMoore/RoverSwitchCase10_5/RoverSwitchCase10_5.srcs/constrs_1/new/Constraints.xdc:166]
Resolution: If [get_<value>] was used to populate the object, check to make sure this command returns at least one valid object.
WARNING: [Vivado 12-584] No ports matched 'JB[6]'. [C:/Users/matth/Desktop/GitHub/TeslaMoore/RoverSwitchCase10_5/RoverSwitchCase10_5.srcs/constrs_1/new/Constraints.xdc:168]
CRITICAL WARNING: [Common 17-55] 'set_property' expects at least one object. [C:/Users/matth/Desktop/GitHub/TeslaMoore/RoverSwitchCase10_5/RoverSwitchCase10_5.srcs/constrs_1/new/Constraints.xdc:168]
Resolution: If [get_<value>] was used to populate the object, check to make sure this command returns at least one valid object.
WARNING: [Vivado 12-584] No ports matched 'JB[6]'. [C:/Users/matth/Desktop/GitHub/TeslaMoore/RoverSwitchCase10_5/RoverSwitchCase10_5.srcs/constrs_1/new/Constraints.xdc:169]
CRITICAL WARNING: [Common 17-55] 'set_property' expects at least one object. [C:/Users/matth/Desktop/GitHub/TeslaMoore/RoverSwitchCase10_5/RoverSwitchCase10_5.srcs/constrs_1/new/Constraints.xdc:169]
Resolution: If [get_<value>] was used to populate the object, check to make sure this command returns at least one valid object.
WARNING: [Vivado 12-584] No ports matched 'JB[7]'. [C:/Users/matth/Desktop/GitHub/TeslaMoore/RoverSwitchCase10_5/RoverSwitchCase10_5.srcs/constrs_1/new/Constraints.xdc:171]
CRITICAL WARNING: [Common 17-55] 'set_property' expects at least one object. [C:/Users/matth/Desktop/GitHub/TeslaMoore/RoverSwitchCase10_5/RoverSwitchCase10_5.srcs/constrs_1/new/Constraints.xdc:171]
Resolution: If [get_<value>] was used to populate the object, check to make sure this command returns at least one valid object.
WARNING: [Vivado 12-584] No ports matched 'JB[7]'. [C:/Users/matth/Desktop/GitHub/TeslaMoore/RoverSwitchCase10_5/RoverSwitchCase10_5.srcs/constrs_1/new/Constraints.xdc:172]
CRITICAL WARNING: [Common 17-55] 'set_property' expects at least one object. [C:/Users/matth/Desktop/GitHub/TeslaMoore/RoverSwitchCase10_5/RoverSwitchCase10_5.srcs/constrs_1/new/Constraints.xdc:172]
Resolution: If [get_<value>] was used to populate the object, check to make sure this command returns at least one valid object.
WARNING: [Vivado 12-584] No ports matched 'JC[3]'. [C:/Users/matth/Desktop/GitHub/TeslaMoore/RoverSwitchCase10_5/RoverSwitchCase10_5.srcs/constrs_1/new/Constraints.xdc:188]
CRITICAL WARNING: [Common 17-55] 'set_property' expects at least one object. [C:/Users/matth/Desktop/GitHub/TeslaMoore/RoverSwitchCase10_5/RoverSwitchCase10_5.srcs/constrs_1/new/Constraints.xdc:188]
Resolution: If [get_<value>] was used to populate the object, check to make sure this command returns at least one valid object.
WARNING: [Vivado 12-584] No ports matched 'JC[3]'. [C:/Users/matth/Desktop/GitHub/TeslaMoore/RoverSwitchCase10_5/RoverSwitchCase10_5.srcs/constrs_1/new/Constraints.xdc:189]
CRITICAL WARNING: [Common 17-55] 'set_property' expects at least one object. [C:/Users/matth/Desktop/GitHub/TeslaMoore/RoverSwitchCase10_5/RoverSwitchCase10_5.srcs/constrs_1/new/Constraints.xdc:189]
Resolution: If [get_<value>] was used to populate the object, check to make sure this command returns at least one valid object.
WARNING: [Vivado 12-584] No ports matched 'JC[7]'. [C:/Users/matth/Desktop/GitHub/TeslaMoore/RoverSwitchCase10_5/RoverSwitchCase10_5.srcs/constrs_1/new/Constraints.xdc:204]
CRITICAL WARNING: [Common 17-55] 'set_property' expects at least one object. [C:/Users/matth/Desktop/GitHub/TeslaMoore/RoverSwitchCase10_5/RoverSwitchCase10_5.srcs/constrs_1/new/Constraints.xdc:204]
Resolution: If [get_<value>] was used to populate the object, check to make sure this command returns at least one valid object.
WARNING: [Vivado 12-584] No ports matched 'JC[7]'. [C:/Users/matth/Desktop/GitHub/TeslaMoore/RoverSwitchCase10_5/RoverSwitchCase10_5.srcs/constrs_1/new/Constraints.xdc:205]
CRITICAL WARNING: [Common 17-55] 'set_property' expects at least one object. [C:/Users/matth/Desktop/GitHub/TeslaMoore/RoverSwitchCase10_5/RoverSwitchCase10_5.srcs/constrs_1/new/Constraints.xdc:205]
Resolution: If [get_<value>] was used to populate the object, check to make sure this command returns at least one valid object.
Finished Parsing XDC File [C:/Users/matth/Desktop/GitHub/TeslaMoore/RoverSwitchCase10_5/RoverSwitchCase10_5.srcs/constrs_1/new/Constraints.xdc]
INFO: [Project 1-236] Implementation specific constraints were found while reading constraint file [C:/Users/matth/Desktop/GitHub/TeslaMoore/RoverSwitchCase10_5/RoverSwitchCase10_5.srcs/constrs_1/new/Constraints.xdc]. These constraints will be ignored for synthesis but will be used in implementation. Impacted constraints are listed in the file [.Xil/Top_propImpl.xdc].
Resolution: To avoid this warning, move constraints listed in [.Xil/Top_propImpl.xdc] to another XDC file and exclude this new file from synthesis with the used_in_synthesis property (File Properties dialog in GUI) and re-run elaboration/synthesis.
Completed Processing XDC Constraints

Netlist sorting complete. Time (s): cpu = 00:00:00 ; elapsed = 00:00:00 . Memory (MB): peak = 1035.316 ; gain = 0.000
INFO: [Project 1-111] Unisim Transformation Summary:
No Unisim elements were transformed.

Constraint Validation Runtime : Time (s): cpu = 00:00:00 ; elapsed = 00:00:00.006 . Memory (MB): peak = 1035.316 ; gain = 0.000
---------------------------------------------------------------------------------
Finished Constraint Validation : Time (s): cpu = 00:00:26 ; elapsed = 00:00:27 . Memory (MB): peak = 1035.316 ; gain = 20.105
---------------------------------------------------------------------------------
---------------------------------------------------------------------------------
Start Loading Part and Timing Information
---------------------------------------------------------------------------------
Loading part: xc7a35ticpg236-1L
---------------------------------------------------------------------------------
Finished Loading Part and Timing Information : Time (s): cpu = 00:00:26 ; elapsed = 00:00:27 . Memory (MB): peak = 1035.316 ; gain = 20.105
---------------------------------------------------------------------------------
---------------------------------------------------------------------------------
Start Applying 'set_property' XDC Constraints
---------------------------------------------------------------------------------
---------------------------------------------------------------------------------
Finished applying 'set_property' XDC Constraints : Time (s): cpu = 00:00:26 ; elapsed = 00:00:27 . Memory (MB): peak = 1035.316 ; gain = 20.105
---------------------------------------------------------------------------------
---------------------------------------------------------------------------------
Finished RTL Optimization Phase 2 : Time (s): cpu = 00:00:26 ; elapsed = 00:00:28 . Memory (MB): peak = 1035.316 ; gain = 20.105
---------------------------------------------------------------------------------
---------------------------------------------------------------------------------
Start RTL Component Statistics 
---------------------------------------------------------------------------------
Detailed RTL Component Info : 
+---Registers : 
	               19 Bit    Registers := 2     
+---Muxes : 
	   3 Input   19 Bit        Muxes := 1     
	   2 Input   19 Bit        Muxes := 1     
	   3 Input    1 Bit        Muxes := 1     
	   2 Input    1 Bit        Muxes := 2     
---------------------------------------------------------------------------------
Finished RTL Component Statistics 
---------------------------------------------------------------------------------
---------------------------------------------------------------------------------
Start Part Resource Summary
---------------------------------------------------------------------------------
Part Resources:
DSPs: 90 (col length:60)
BRAMs: 100 (col length: RAMB18 60 RAMB36 30)
---------------------------------------------------------------------------------
Finished Part Resource Summary
---------------------------------------------------------------------------------
---------------------------------------------------------------------------------
Start Cross Boundary and Area Optimization
---------------------------------------------------------------------------------
---------------------------------------------------------------------------------
Finished Cross Boundary and Area Optimization : Time (s): cpu = 00:00:30 ; elapsed = 00:00:31 . Memory (MB): peak = 1035.316 ; gain = 20.105
---------------------------------------------------------------------------------
---------------------------------------------------------------------------------
Start Applying XDC Timing Constraints
---------------------------------------------------------------------------------
---------------------------------------------------------------------------------
Finished Applying XDC Timing Constraints : Time (s): cpu = 00:00:46 ; elapsed = 00:00:47 . Memory (MB): peak = 1035.316 ; gain = 20.105
---------------------------------------------------------------------------------
---------------------------------------------------------------------------------
Start Timing Optimization
---------------------------------------------------------------------------------
---------------------------------------------------------------------------------
Finished Timing Optimization : Time (s): cpu = 00:00:46 ; elapsed = 00:00:47 . Memory (MB): peak = 1047.176 ; gain = 31.965
---------------------------------------------------------------------------------
---------------------------------------------------------------------------------
Start Technology Mapping
---------------------------------------------------------------------------------
---------------------------------------------------------------------------------
Finished Technology Mapping : Time (s): cpu = 00:00:46 ; elapsed = 00:00:47 . Memory (MB): peak = 1048.004 ; gain = 32.793
---------------------------------------------------------------------------------
---------------------------------------------------------------------------------
Start IO Insertion
---------------------------------------------------------------------------------
---------------------------------------------------------------------------------
Start Flattening Before IO Insertion
---------------------------------------------------------------------------------
---------------------------------------------------------------------------------
Finished Flattening Before IO Insertion
---------------------------------------------------------------------------------
---------------------------------------------------------------------------------
Start Final Netlist Cleanup
---------------------------------------------------------------------------------
---------------------------------------------------------------------------------
Finished Final Netlist Cleanup
---------------------------------------------------------------------------------
---------------------------------------------------------------------------------
Finished IO Insertion : Time (s): cpu = 00:00:53 ; elapsed = 00:00:55 . Memory (MB): peak = 1054.770 ; gain = 39.559
---------------------------------------------------------------------------------
---------------------------------------------------------------------------------
Start Renaming Generated Instances
---------------------------------------------------------------------------------
---------------------------------------------------------------------------------
Finished Renaming Generated Instances : Time (s): cpu = 00:00:53 ; elapsed = 00:00:55 . Memory (MB): peak = 1054.770 ; gain = 39.559
---------------------------------------------------------------------------------
---------------------------------------------------------------------------------
Start Rebuilding User Hierarchy
---------------------------------------------------------------------------------
---------------------------------------------------------------------------------
Finished Rebuilding User Hierarchy : Time (s): cpu = 00:00:53 ; elapsed = 00:00:55 . Memory (MB): peak = 1054.770 ; gain = 39.559
---------------------------------------------------------------------------------
---------------------------------------------------------------------------------
Start Renaming Generated Ports
---------------------------------------------------------------------------------
---------------------------------------------------------------------------------
Finished Renaming Generated Ports : Time (s): cpu = 00:00:53 ; elapsed = 00:00:55 . Memory (MB): peak = 1054.770 ; gain = 39.559
---------------------------------------------------------------------------------
---------------------------------------------------------------------------------
Start Handling Custom Attributes
---------------------------------------------------------------------------------
---------------------------------------------------------------------------------
Finished Handling Custom Attributes : Time (s): cpu = 00:00:53 ; elapsed = 00:00:55 . Memory (MB): peak = 1054.770 ; gain = 39.559
---------------------------------------------------------------------------------
---------------------------------------------------------------------------------
Start Renaming Generated Nets
---------------------------------------------------------------------------------
---------------------------------------------------------------------------------
Finished Renaming Generated Nets : Time (s): cpu = 00:00:53 ; elapsed = 00:00:55 . Memory (MB): peak = 1054.770 ; gain = 39.559
---------------------------------------------------------------------------------
---------------------------------------------------------------------------------
Start Writing Synthesis Report
---------------------------------------------------------------------------------

Report BlackBoxes: 
+-+--------------+----------+
| |BlackBox name |Instances |
+-+--------------+----------+
+-+--------------+----------+

Report Cell Usage: 
+------+-------+------+
|      |Cell   |Count |
+------+-------+------+
|1     |BUFG   |     1|
|2     |CARRY4 |     5|
|3     |LUT1   |     5|
|4     |LUT2   |     2|
|5     |LUT5   |     3|
|6     |LUT6   |     1|
|7     |FDRE   |    20|
|8     |IBUF   |     3|
|9     |OBUF   |     8|
|10    |OBUFT  |    26|
+------+-------+------+
---------------------------------------------------------------------------------
Finished Writing Synthesis Report : Time (s): cpu = 00:00:53 ; elapsed = 00:00:55 . Memory (MB): peak = 1054.770 ; gain = 39.559
---------------------------------------------------------------------------------
Synthesis finished with 0 errors, 0 critical warnings and 0 warnings.
Synthesis Optimization Runtime : Time (s): cpu = 00:00:36 ; elapsed = 00:00:51 . Memory (MB): peak = 1054.770 ; gain = 19.453
Synthesis Optimization Complete : Time (s): cpu = 00:00:53 ; elapsed = 00:00:55 . Memory (MB): peak = 1054.770 ; gain = 39.559
INFO: [Project 1-571] Translating synthesized netlist
Netlist sorting complete. Time (s): cpu = 00:00:00 ; elapsed = 00:00:00.001 . Memory (MB): peak = 1063.758 ; gain = 0.000
INFO: [Netlist 29-17] Analyzing 5 Unisim elements for replacement
INFO: [Netlist 29-28] Unisim Transformation completed in 0 CPU seconds
INFO: [Project 1-570] Preparing netlist for logic optimization
INFO: [Opt 31-138] Pushed 0 inverter(s) to 0 load pin(s).
Netlist sorting complete. Time (s): cpu = 00:00:00 ; elapsed = 00:00:00 . Memory (MB): peak = 1072.301 ; gain = 0.000
INFO: [Project 1-111] Unisim Transformation Summary:
No Unisim elements were transformed.

INFO: [Common 17-83] Releasing license: Synthesis
17 Infos, 30 Warnings, 30 Critical Warnings and 0 Errors encountered.
synth_design completed successfully
synth_design: Time (s): cpu = 00:01:03 ; elapsed = 00:01:07 . Memory (MB): peak = 1072.301 ; gain = 57.090
INFO: [runtcl-6] Synthesis results are not added to the cache due to CRITICAL_WARNING
INFO: [Common 17-1381] The checkpoint 'C:/Users/matth/Desktop/GitHub/TeslaMoore/RoverSwitchCase10_5/RoverSwitchCase10_5.runs/synth_1/Top.dcp' has been generated.
INFO: [runtcl-4] Executing : report_utilization -file Top_utilization_synth.rpt -pb Top_utilization_synth.pb
INFO: [Common 17-206] Exiting Vivado at Wed Oct  6 00:35:57 2021...
